<?xml version="1.0" encoding="UTF-8"?>
<testng-results skipped="0" failed="0" ignored="0" total="1" passed="1">
  <reporter-output>
  </reporter-output>
  <suite name="Default suite" duration-ms="81351" started-at="2018-11-05T18:08:44Z" finished-at="2018-11-05T18:10:06Z">
    <groups>
    </groups>
    <test name="Default test" duration-ms="81351" started-at="2018-11-05T18:08:44Z" finished-at="2018-11-05T18:10:06Z">
      <class name="com.computerDB.read.Read001">
        <test-method status="PASS" signature="setUp(java.lang.String)[pri:0, instance:com.computerDB.read.Read001@6d7b4f4c]" name="setUp" is-config="true" duration-ms="75173" started-at="2018-11-05T18:08:44Z" finished-at="2018-11-05T18:09:59Z">
          <params>
            <param index="0">
              <value>
                <![CDATA[FireFox]]>
              </value>
            </param>
          </params>
          <reporter-output>
          </reporter-output>
        </test-method> <!-- setUp -->
        <test-method status="PASS" signature="readPositiveTestCase()[pri:0, instance:com.computerDB.read.Read001@6d7b4f4c]" name="readPositiveTestCase" duration-ms="2662" started-at="2018-11-05T18:09:59Z" finished-at="2018-11-05T18:10:02Z">
          <reporter-output>
          </reporter-output>
        </test-method> <!-- readPositiveTestCase -->
        <test-method status="PASS" signature="tearDownTest()[pri:0, instance:com.computerDB.read.Read001@6d7b4f4c]" name="tearDownTest" is-config="true" duration-ms="3452" started-at="2018-11-05T18:10:02Z" finished-at="2018-11-05T18:10:06Z">
          <reporter-output>
          </reporter-output>
        </test-method> <!-- tearDownTest -->
      </class> <!-- com.computerDB.read.Read001 -->
    </test> <!-- Default test -->
  </suite> <!-- Default suite -->
</testng-results>
