<?xml version="1.0" encoding="UTF-8"?>
<testng-results skipped="0" failed="0" ignored="0" total="1" passed="1">
  <reporter-output>
  </reporter-output>
  <suite name="Default suite" duration-ms="96838" started-at="2018-11-05T14:53:57Z" finished-at="2018-11-05T14:55:34Z">
    <groups>
    </groups>
    <test name="Default test" duration-ms="96838" started-at="2018-11-05T14:53:57Z" finished-at="2018-11-05T14:55:34Z">
      <class name="com.computerDB.create.Create001">
        <test-method status="PASS" signature="setUp(java.lang.String)[pri:0, instance:com.computerDB.create.Create001@6d7b4f4c]" name="setUp" is-config="true" duration-ms="73881" started-at="2018-11-05T14:53:57Z" finished-at="2018-11-05T14:55:11Z">
          <params>
            <param index="0">
              <value>
                <![CDATA[FireFox]]>
              </value>
            </param>
          </params>
          <reporter-output>
          </reporter-output>
        </test-method> <!-- setUp -->
        <test-method status="PASS" signature="createPositiveTestCase()[pri:0, instance:com.computerDB.create.Create001@6d7b4f4c]" name="createPositiveTestCase" duration-ms="5093" started-at="2018-11-05T14:55:11Z" finished-at="2018-11-05T14:55:16Z">
          <reporter-output>
          </reporter-output>
        </test-method> <!-- createPositiveTestCase -->
        <test-method status="PASS" signature="tearDownTest()[pri:0, instance:com.computerDB.create.Create001@6d7b4f4c]" name="tearDownTest" is-config="true" duration-ms="17797" started-at="2018-11-05T14:55:16Z" finished-at="2018-11-05T14:55:34Z">
          <reporter-output>
          </reporter-output>
        </test-method> <!-- tearDownTest -->
      </class> <!-- com.computerDB.create.Create001 -->
    </test> <!-- Default test -->
  </suite> <!-- Default suite -->
</testng-results>
